2025-07-18 17:59:11.564 [main] INFO  com.hotel.observer.LoggerObserver - [LOGGER] Evento del sistema: Nueva habitación registrada: 101 (simple)
2025-07-18 17:59:11.567 [main] INFO  com.hotel.observer.LoggerObserver - [LOGGER] Evento del sistema: Nueva habitación registrada: 102 (doble)
2025-07-18 17:59:11.567 [main] INFO  com.hotel.observer.LoggerObserver - [LOGGER] Evento del sistema: Nueva habitación registrada: 201 (suite)
2025-07-18 17:59:11.572 [main] INFO  com.hotel.observer.LoggerObserver - [LOGGER] Evento del sistema: Nuevo cliente registrado: Juan Pérez (ID: C001)
2025-07-18 17:59:11.572 [main] INFO  com.hotel.observer.LoggerObserver - [LOGGER] Evento del sistema: Nuevo cliente registrado: María García (ID: C002)
2025-07-18 18:02:55.580 [main] INFO  com.hotel.observer.LoggerObserver - [LOGGER] Evento del sistema: Nueva habitación registrada: 101 (Simple)
2025-07-18 18:02:55.583 [main] INFO  com.hotel.observer.LoggerObserver - [LOGGER] Evento del sistema: Nueva habitación registrada: 102 (Doble)
2025-07-18 18:02:55.583 [main] INFO  com.hotel.observer.LoggerObserver - [LOGGER] Evento del sistema: Nueva habitación registrada: 201 (Suite)
2025-07-18 18:02:55.588 [main] INFO  com.hotel.observer.LoggerObserver - [LOGGER] Evento del sistema: Nuevo cliente registrado: Juan Pérez (ID: C001)
2025-07-18 18:02:55.589 [main] INFO  com.hotel.observer.LoggerObserver - [LOGGER] Evento del sistema: Nuevo cliente registrado: María García (ID: C002)
2025-07-18 18:07:41.827 [main] INFO  com.hotel.observer.LoggerObserver - [LOGGER] Evento del sistema: Reserva creada (ID: 27966fbf) para Juan Pérez en 101
2025-07-18 18:10:09.889 [main] INFO  com.hotel.observer.LoggerObserver - [LOGGER] Evento del sistema: Nueva habitación registrada: 101 (Simple)
2025-07-18 18:10:09.891 [main] INFO  com.hotel.observer.LoggerObserver - [LOGGER] Evento del sistema: Nueva habitación registrada: 102 (Doble)
2025-07-18 18:10:09.893 [main] INFO  com.hotel.observer.LoggerObserver - [LOGGER] Evento del sistema: Nueva habitación registrada: 201 (Suite)
2025-07-18 18:10:09.896 [main] INFO  com.hotel.observer.LoggerObserver - [LOGGER] Evento del sistema: Nuevo cliente registrado: Juan Pérez (ID: C001)
2025-07-18 18:10:09.897 [main] INFO  com.hotel.observer.LoggerObserver - [LOGGER] Evento del sistema: Nuevo cliente registrado: María García (ID: C002)
2025-07-18 18:12:19.954 [main] INFO  com.hotel.observer.LoggerObserver - [LOGGER] Evento del sistema: Nueva habitación registrada: 101 (Simple)
2025-07-18 18:12:19.958 [main] INFO  com.hotel.observer.LoggerObserver - [LOGGER] Evento del sistema: Nueva habitación registrada: 102 (Doble)
2025-07-18 18:12:19.958 [main] INFO  com.hotel.observer.LoggerObserver - [LOGGER] Evento del sistema: Nueva habitación registrada: 201 (Suite)
2025-07-18 18:12:19.962 [main] INFO  com.hotel.observer.LoggerObserver - [LOGGER] Evento del sistema: Nuevo cliente registrado: Juan Pérez (ID: C001)
2025-07-18 18:12:19.964 [main] INFO  com.hotel.observer.LoggerObserver - [LOGGER] Evento del sistema: Nuevo cliente registrado: María García (ID: C002)
2025-07-18 18:14:16.333 [main] INFO  com.hotel.observer.LoggerObserver - [LOGGER] Evento del sistema: Nueva habitación registrada: 101 (Simple)
2025-07-18 18:14:16.336 [main] INFO  com.hotel.observer.LoggerObserver - [LOGGER] Evento del sistema: Nueva habitación registrada: 102 (Doble)
2025-07-18 18:14:16.336 [main] INFO  com.hotel.observer.LoggerObserver - [LOGGER] Evento del sistema: Nueva habitación registrada: 201 (Suite)
2025-07-18 18:14:16.339 [main] INFO  com.hotel.observer.LoggerObserver - [LOGGER] Evento del sistema: Nuevo cliente registrado: Mery Acevedo (ID: CL001)
2025-07-18 18:14:16.340 [main] INFO  com.hotel.observer.LoggerObserver - [LOGGER] Evento del sistema: Nuevo cliente registrado: Nestor Colocho (ID: CL002)
